This is TeX, Version 3.0 [PD VMS 3.1a] (preloaded format=plain 90.5.29)  30 MAY 1990 06:40
**rgrpaper
(TEX_ROOT:[BABEL.GREEK.YANNIS]RGRPAPER.TEX;3
(TEX_ROOT:[PERIODICALS.TUGBOAT]TUGBOAT.STY;1
(TEX_ROOT:[PERIODICALS.TUGBOAT]TUGBOAT.COM;1
\normalparindent=\dimen16
\T@stBox=\box16
\TestBox=\box17
\T@stCount=\count25
\TestCount=\count26
\T@stDimen=\dimen17
\TestDimen=\dimen18
\hours=\count27
\minutes=\count28
\PreTitleDrop=\dimen19
\AboveTitleSkip=\skip18
\BelowTitleSkip=\skip19
\strulethickness=\dimen20
\stbaselineskip=\dimen21
\raggedskip=\dimen22
\raggedstretch=\dimen23
\raggedparfill=\skip20
\issueseqno=\count29
\TBremarkfile=\write0
\count@@=\count30
\signaturewidth=\dimen24
)
\struttbox=\box18
\sectitlefam=\fam8
\@addsto\tenpoint=\toks12
\@addsto\ninepoint=\toks13
\@addsto\eightpoint=\toks14
\ttglue=\skip21
\normaltenpointstretch=\dimen25
\normalninepointstretch=\dimen26
\normaleightpointstretch=\dimen27
\trimlgt=\dimen28
\headmargin=\dimen29
\pagelgt=\dimen30
\rheadlgt=\dimen31
\toplgt=\dimen32
\normalcollgt=\dimen33
\collgt=\dimen34
\Collgt=\dimen35
\botlgt=\dimen36
\rfootlgt=\dimen37
\colwd=\dimen38
\intercolwd=\dimen39
\pagewd=\dimen40
\trimwd=\dimen41
\oddleftindent=\dimen42
\evenleftindent=\dimen43
\onenarrowcolwd=\dimen44
\onemediumcolwd=\dimen45
\twocolcolwd=\dimen46
\threecolcolwd=\dimen47
\botins=\insert252
\numcols=\count31
\@maxcolsofar=\count32
\maxcols=\count33
\coloffset=\dimen48
\Sh@rtPageNo=\count34
\Sh@rtPageLgt=\dimen49
\@DelayedCommandList=\toks15
\enddelim=\toks16
\@otherSFD=\toks17
\@activeSFD=\toks18
\@numarguments=\count35
\@argument=\toks19
\linenumber=\count36
\globallinenumber=\count37
\stfontheight=\dimen50
\authornumber=\count38
\headlevel=\count39
\textlevel=\count40
\listlevel=\count41
\itemnumber=\count42
\@itemtag=\toks20
\@cols=\count43
\@listindent=\dimen51
\@listhangindent=\dimen52
\everylist=\toks21
\everyitem=\toks22
\@AdditionsToSpecialsGetOther=\toks23
\everyverbatim=\toks24
\verboutfile=\write1
\ttrightskip=\dimen53
\@verbchar=\toks25
\firsth@@d=\box19
\firsth@ad=\box20
\firstf@@t=\box21
\firstf@ot=\box22
\@figurepage=\count44
\@figurescol=\count45
\@figureecol=\count46
\LeftHalf=\box23
\HalfWd=\dimen54
)
(TEX_ROOT:[BABEL.GREEK.YANNIS]RGREEKMACROS.TEX;1
\fontnumber=\count47
\vwl=\count48
\acct=\count49
)
\m=\count50
\n=\count51
\p=\count52
\dim=\dimen55
\thehangindent=\dimen56

Underfull \hbox (badness 1389) in paragraph at lines 100--100
\tenbf 128 Char-ac-ter Codes 

\hbox(6.94444+0.0)x225.0, glue set 2.40625
.\tenbf 1
.\tenbf 2
.\tenbf 8
.\glue(\spaceskip) 3.33298
.\tenbf C
.etc.

\column1=\box24
\column2=\box25
[1001.2.1] [1002.2.2] [1003.2.3] [1004.2.4]
Missing character: There is no # in font rgrsc10!
Missing character: There is no ' in font rgrsc10!
Missing character: There is no # in font rgrsc10!
Missing character: There is no ' in font rgrsc10!
Missing character: There is no < in font rgrsc10!
Missing character: There is no > in font rgrsc10!
Missing character: There is no < in font rgrsc10!
Missing character: There is no > in font rgrsc10!
Missing character: There is no @ in font rgrsc10!
Missing character: There is no @ in font rgrsc10!
Missing character: There is no v in font rgrsc10!
Missing character: There is no ~ in font rgrsc10!
Missing character: There is no v in font rgrsc10!
Missing character: There is no ~ in font rgrsc10!
 [1005.2.5] [1006.2.6] )
Output written on TEX_ROOT:[BABEL.GREEK.YANNIS]RGRPAPER.DVI;1 (6 pages, 55756 b
ytes).
