This is METAFONT, Version 1.7 [PD VMS 1.3] (preloaded base=plain 89.10.28)  30 MAY 1990 06:31
**\mode=laser; input rgrsc10
(TEX_ROOT:[BABEL.GREEK.YANNIS]RGRSC10.MF;2
(TEX_ROOT:[MF.CM.STANDARD]CMBASE.MF;2)
(TEX_ROOT:[BABEL.GREEK.YANNIS]RGRBASE.MF;1)
(TEX_ROOT:[BABEL.GREEK.YANNIS]GREEKCSC.MF;2
(TEX_ROOT:[BABEL.GREEK.YANNIS]GEN_ACC.MF;2)
(TEX_ROOT:[BABEL.GREEK.YANNIS]CSC_MISCE.MF;1 [127] [34] [124] [86] [8] [9]
[67] [94] [91] [92] [95] [16] [93] [17] [36] [38] [1] [2] [3] [4] [5] [6]
[7] [10] [11] [19] [18] [12] [13] [21] [20] [14] [15] [23] [22] [24] [25]
[26] [27] [28] [32] [30] [31]) (TEX_ROOT:[BABEL.GREEK.YANNIS]RGRUPPER.MF;1
[65] [66] [69] [72] [73] [75] [77] [78] [79] [82] [84] [81] [90] [71] [68]
[74] [76] [88] [80] [83] [85] [70] [89] [87])
(TEX_ROOT:[BABEL.GREEK.YANNIS]DIGITS.MF;2 [48] [49] [50] [51] [52] [53]
[54] [55] [56] [57]) (TEX_ROOT:[BABEL.GREEK.YANNIS]RGRPUNCT.MF;1 [123] [125]
[33] [37] [29] [40] [41] [42] [43] [44] [46] [47] [58] [59] [63] [61] [45]
[0]) (TEX_ROOT:[BABEL.GREEK.YANNIS]SCSC.MF;1 [99] [96])
(TEX_ROOT:[BABEL.GREEK.LEVY]UPPER.MF;1 [97] [98] [101] [104] [105] [107]
[109] [110] [111] [114] [116] [113] [122] [103] [100] [106] [108] [120]
[112] [115] [117] [102] [121] [119]) (TEX_ROOT:[BABEL.GREEK.YANNIS]LIGCSC.MF;1)
Font metrics written on TEX_ROOT:[BABEL.GREEK.YANNIS]RGRSC10.TFM;1.
Output written on TEX_ROOT:[BABEL.GREEK.YANNIS]RGRSC10.300GF;1 (121 characters,
 11924 bytes).
