This is pdfTeX, Version 3.1415926-1.40.10 (MiKTeX 2.8) (preloaded format=latex 2010.6.29)  1 JUL 2010 11:46
entering extended mode
**D:/latex-work/mypst-eucide/my_doc_pst-eucl/pst-eucl/pst-eucl-2010/Exemples/ar
c_in.tex

(D:/latex-work/mypst-eucide/my_doc_pst-eucl/pst-eucl/pst-eucl-2010/Exemples/arc
_in.tex
LaTeX2e <2009/09/24>
Babel <v3.8l> and hyphenation patterns for english, dumylang, nohyphenation, bu
lgarian, german, ngerman, german-x-2009-06-19, ngerman-x-2009-06-19, french, lo
aded.
! Undefined control sequence.
l.1 \pstGeonode
               [PosAngle={180,0}](1.5;24){A}(1.8;-31){B}
? æ
Type <return> to proceed, S to scroll future error messages,
R to run without stopping, Q to run quietly,
I to insert something, E to edit your file,
1 or ... or 9 to ignore the next 1 to 9 tokens of input,
H for help, X to quit.
? x
 
Here is how much of TeX's memory you used:
 7 strings out of 495260
 307 string characters out of 3179681
 45059 words of memory out of 3000000
 3323 multiletter control sequences out of 15000+200000
 3640 words of font info for 14 fonts, out of 3000000 for 9000
 14 hyphenation exceptions out of 8191
 5i,0n,1p,143b,8s stack positions out of 5000i,500n,10000p,200000b,50000s
No pages of output.
