This is TeX, Version 3.14159 (Web2C 7.3) (format=latex 1999.3.30)  31 MAR 1999 09:15
**latexexa
(latexexa.tex
LaTeX2e <1998/12/01>
Babel <v3.6k> and hyphenation patterns for english, french, german, ngerman, du
mylang, nohyphenation, loaded.
(/texlive/texmf/tex/latex/base/article.cls
Document Class: article 1999/01/07 v1.4a Standard LaTeX document class
(/texlive/texmf/tex/latex/base/size10.clo
File: size10.clo 1999/01/07 v1.4a Standard LaTeX file (size option)
)
\c@part=\count79
\c@section=\count80
\c@subsection=\count81
\c@subsubsection=\count82
\c@paragraph=\count83
\c@subparagraph=\count84
\c@figure=\count85
\c@table=\count86
\abovecaptionskip=\skip41
\belowcaptionskip=\skip42
\bibindent=\dimen102
)
(/texlive/texmf/tex/latex/graphics/graphicx.sty
Package: graphicx 1999/02/16 v1.0f Enhanced LaTeX Graphics (DPC,SPQR)

(/texlive/texmf/tex/latex/graphics/keyval.sty
Package: keyval 1999/03/16 v1.13 key=value parser (DPC)
\KV@toks@=\toks14
)
(/texlive/texmf/tex/latex/graphics/graphics.sty
Package: graphics 1999/02/16 v1.0l Standard LaTeX Graphics (DPC,SPQR)

(/texlive/texmf/tex/latex/graphics/trig.sty
Package: trig 1999/03/16 v1.09 sin cos tan (DPC)
)
(/texlive/texmf/tex/latex/texlive/graphics.cfg)
Package graphics Info: Driver file: dvips.def on input line 80.

(/texlive/texmf/tex/latex/graphics/dvips.def
File: dvips.def 1999/02/16 v3.0i Driver-dependant file (DPC,SPQR)
))
\Gin@req@height=\dimen103
\Gin@req@width=\dimen104
)
(/texlive/texmf/tex/latex/ltxmisc/url.sty
Package: url 1999/03/02  ver 1.4  Verb mode for urls, email addresses, and file
 names
)
(/texlive/texmf/tex/latex/base/fontenc.sty
Package: fontenc 1999/02/24 v1.9t Standard LaTeX package

(/texlive/texmf/tex/latex/base/t1enc.def
File: t1enc.def 1999/02/24 v1.9t Standard LaTeX file
LaTeX Font Info:    Redeclaring font encoding T1 on input line 25.
)) (/T/texmf.local/tex/latex/em/em.sty
Package: em 1997/06/30 v0.02 Y&Y EM font definitions (BKPH & DTC)

(/texlive/texmf/tex/latex/base/fontenc.sty
Package: fontenc 1999/02/24 v1.9t Standard LaTeX package

(/texlive/texmf/tex/latex/base/t1enc.def
File: t1enc.def 1999/02/24 v1.9t Standard LaTeX file
LaTeX Font Info:    Redeclaring font encoding T1 on input line 25.
)
(/texlive/texmf/tex/latex/base/t1enc.def
File: t1enc.def 1999/02/24 v1.9t Standard LaTeX file
LaTeX Font Info:    Redeclaring font encoding T1 on input line 25.
))
LaTeX Font Info:    Redeclaring symbol font `operators' on input line 467.


LaTeX Font Warning: Encoding `OT1' has changed to `T1' for symbol font
(Font)              `operators' in the math version `normal' on input line 467.


LaTeX Font Info:    Overwriting symbol font `operators' in version `normal'
(Font)                  OT1/cmr/m/n --> T1/cmr/m/n on input line 467.

LaTeX Font Warning: Encoding `OT1' has changed to `T1' for symbol font
(Font)              `operators' in the math version `bold' on input line 467.

LaTeX Font Info:    Overwriting symbol font `operators' in version `bold'
(Font)                  OT1/cmr/bx/n --> T1/cmr/m/n on input line 467.
LaTeX Font Info:    Overwriting symbol font `operators' in version `bold'
(Font)                  T1/cmr/m/n --> T1/cmr/bx/n on input line 468.
LaTeX Font Info:    Redeclaring math alphabet \mathbf on input line 470.
LaTeX Font Info:    Overwriting math alphabet `\mathbf' in version `normal'
(Font)                  OT1/cmr/bx/n --> T1/cmr/bx/n on input line 470.
LaTeX Font Info:    Overwriting math alphabet `\mathbf' in version `bold'
(Font)                  OT1/cmr/bx/n --> T1/cmr/bx/n on input line 470.
LaTeX Font Info:    Redeclaring math alphabet \mathrm on input line 471.
LaTeX Font Info:    Redeclaring math alphabet \mathsf on input line 472.
LaTeX Font Info:    Overwriting math alphabet `\mathsf' in version `normal'
(Font)                  OT1/cmss/m/n --> T1/cmss/m/n on input line 472.
LaTeX Font Info:    Overwriting math alphabet `\mathsf' in version `bold'
(Font)                  OT1/cmss/bx/n --> T1/cmss/m/n on input line 472.
LaTeX Font Info:    Redeclaring math alphabet \mathit on input line 473.
LaTeX Font Info:    Overwriting math alphabet `\mathit' in version `normal'
(Font)                  OT1/cmr/m/it --> T1/cmr/m/it on input line 473.
LaTeX Font Info:    Overwriting math alphabet `\mathit' in version `bold'
(Font)                  OT1/cmr/bx/it --> T1/cmr/m/it on input line 473.
LaTeX Font Info:    Redeclaring math alphabet \mathtt on input line 474.
LaTeX Font Info:    Overwriting math alphabet `\mathtt' in version `normal'
(Font)                  OT1/cmtt/m/n --> T1/cmtt/m/n on input line 474.
LaTeX Font Info:    Overwriting math alphabet `\mathtt' in version `bold'
(Font)                  OT1/cmtt/m/n --> T1/cmtt/m/n on input line 474.
LaTeX Font Info:    Overwriting math alphabet `\mathbf' in version `bold'
(Font)                  T1/cmr/bx/n --> T1/cmr/bx/n on input line 476.
LaTeX Font Info:    Overwriting math alphabet `\mathsf' in version `bold'
(Font)                  T1/cmss/m/n --> T1/cmss/bx/n on input line 477.
LaTeX Font Info:    Overwriting math alphabet `\mathrm' in version `bold'
(Font)                  T1/cmr/m/n --> T1/cmr/bx/n on input line 478.
LaTeX Font Info:    Overwriting math alphabet `\mathit' in version `bold'
(Font)                  T1/cmr/m/it --> T1/cmr/bx/it on input line 479.
LaTeX Font Info:    Overwriting math alphabet `\mathtt' in version `bold'
(Font)                  T1/cmtt/m/n --> T1/cmtt/bx/n on input line 480.
LaTeX Font Info:    Redeclaring math symbol \Gamma on input line 485.
LaTeX Font Info:    Redeclaring math symbol \Delta on input line 486.
LaTeX Font Info:    Redeclaring math symbol \Theta on input line 487.
LaTeX Font Info:    Redeclaring math symbol \Lambda on input line 488.
LaTeX Font Info:    Redeclaring math symbol \Xi on input line 489.
LaTeX Font Info:    Redeclaring math symbol \Pi on input line 490.
LaTeX Font Info:    Redeclaring math symbol \Sigma on input line 491.
LaTeX Font Info:    Redeclaring math symbol \Upsilon on input line 492.
LaTeX Font Info:    Redeclaring math symbol \Phi on input line 493.
LaTeX Font Info:    Redeclaring math symbol \Psi on input line 494.
LaTeX Font Info:    Redeclaring math symbol \Omega on input line 495.
LaTeX Font Info:    Redeclaring math accent \acute on input line 504.
LaTeX Font Info:    Redeclaring math accent \grave on input line 505.
LaTeX Font Info:    Redeclaring math accent \ddot on input line 506.
LaTeX Font Info:    Redeclaring math accent \tilde on input line 507.
LaTeX Font Info:    Redeclaring math accent \bar on input line 508.
LaTeX Font Info:    Redeclaring math accent \breve on input line 509.
LaTeX Font Info:    Redeclaring math accent \check on input line 510.
LaTeX Font Info:    Redeclaring math accent \hat on input line 511.
LaTeX Font Info:    Redeclaring math accent \dot on input line 512.
) (/texlive/texmf/tex/latex/tex4ht/tex4ht.sty
Package: tex4ht 
)
(/texlive/texmf/tex/latex/tex4ht/tex4ht.sty
--- needs --- tex4ht latexexa ---
\tmp:cnt=\count87
\openout15 = `tex4ht.tmp'.

(tex4ht.tmp)
\tmp:dim=\skip43
 ((Preamble.4ht )) (latexexa.xref)
\:refout=\write3
\openout3 = `latexexa.xref'.

\:tokwrite=\toks15
\:tokpage=\toks16
\openout15 = `latexexa.otc'.

\:tocout=\write4
\openout4 = `latexexa.toc'.


--- file latexexa.css ---
(/texlive/texmf/tex/latex/tex4ht/tex4ht.4ht
(/texlive/texmf/tex/latex/tex4ht/latex.4ht
LaTeX Info: Redefining \` on input line 1294.
LaTeX Info: Redefining \' on input line 1297.
LaTeX Info: Redefining \^ on input line 1300.
LaTeX Info: Redefining \~ on input line 1302.
LaTeX Info: Redefining \" on input line 1305.
LaTeX Info: Redefining \c on input line 1307.
LaTeX Info: Redefining \t on input line 1309.
LaTeX Info: Redefining \H on input line 1310.
LaTeX Info: Redefining \. on input line 1311.
LaTeX Info: Redefining \u on input line 1312.
LaTeX Info: Redefining \vec on input line 1313.
LaTeX Info: Redefining \v on input line 1314.
LaTeX Info: Redefining \= on input line 1315.
LaTeX Info: Redefining \widetilde on input line 1317.
LaTeX Info: Redefining \widehat on input line 1319.
)
(/texlive/texmf/tex/latex/tex4ht/fontmath.4ht)
(/texlive/texmf/tex/latex/tex4ht/article.4ht)
(/texlive/texmf/tex/latex/tex4ht/url.4ht)
(/texlive/texmf/tex/latex/tex4ht/graphics.4ht))) (latexexa.aux)
\openout1 = `latexexa.aux'.

LaTeX Font Info:    Checking defaults for OML/cmm/m/it on input line 11.
LaTeX Font Info:    ... okay on input line 11.
LaTeX Font Info:    Checking defaults for T1/cmr/m/n on input line 11.
LaTeX Font Info:    ... okay on input line 11.
LaTeX Font Info:    Checking defaults for OT1/cmr/m/n on input line 11.
LaTeX Font Info:    ... okay on input line 11.
LaTeX Font Info:    Checking defaults for OMS/cmsy/m/n on input line 11.
LaTeX Font Info:    ... okay on input line 11.
LaTeX Font Info:    Checking defaults for OMX/cmex/m/n on input line 11.
LaTeX Font Info:    ... okay on input line 11.
LaTeX Font Info:    Checking defaults for U/cmr/m/n on input line 11.
LaTeX Font Info:    ... okay on input line 11.
 [1

]
l. 27 Writing latexexa.idv[1] (latexexa0x.gif)
l. 33 Writing latexexa.idv[2] (latexexa1x.gif)
[2] [3] [4] [5

]
l. 100 Writing latexexa.idv[3] (latexexa2x.gif)
File: phys332-1.eps Graphic file (type eps)
<phys332-1.eps> [6

]
l. 129 Writing latexexa.idv[4] (latexexa3x.gif)
l. 130 Writing latexexa.idv[5] (latexexa4x.gif)
l. 134 Writing latexexa.idv[6] (latexexa5x.gif)
[7

]
l. 168 Writing latexexa.idv[7] (latexexa6x.gif)
l. 173 Writing latexexa.idv[8] (latexexa7x.gif)
l. 177 Writing latexexa.idv[9] (latexexa8x.gif)
l. 179 Writing latexexa.idv[10] (latexexa9x.gif)
l. 183 Writing latexexa.idv[11] (latexexa10x.gif)
[8]
l. 202 Writing latexexa.idv[12] (latexexa11x.gif)
l. 203 Writing latexexa.idv[13] (latexexa12x.gif)
l. 207 Writing latexexa.idv[14] (latexexa13x.gif)
l. 208 Writing latexexa.idv[15] (latexexa14x.gif)
l. 210 Writing latexexa.idv[16] (latexexa15x.gif)
l. 211 Writing latexexa.idv[17] (latexexa16x.gif)
l. 212 Writing latexexa.idv[18] (latexexa17x.gif)
l. 213 Writing latexexa.idv[19] (latexexa18x.gif)
l. 214 Writing latexexa.idv[20] (latexexa19x.gif)
l. 220 Writing latexexa.idv[21] (latexexa20x.gif)
[9]
l. 246 Writing latexexa.idv[22] (latexexa21x.gif)
l. 247 Writing latexexa.idv[23] (latexexa22x.gif)
l. 252 Writing latexexa.idv[24] (latexexa23x.gif)
[10] [11

]
l. 268 Writing latexexa.idv[25] (latexexa24x.gif)
File: phys332-2.eps Graphic file (type eps)
<phys332-2.eps> [12

]
l. 279 Writing latexexa.idv[26] (latexexa25x.gif)
l. 284 Writing latexexa.idv[27] (latexexa26x.gif)
l. 290 Writing latexexa.idv[28] (latexexa27x.gif)
[13

]
l. 318 Writing latexexa.idv[29] (latexexa28x.gif)
l. 323 Writing latexexa.idv[30] (latexexa29x.gif)
[14]
l. 331 Writing latexexa.idv[31] (latexexa30x.gif)
l. 337 Writing latexexa.idv[32] (latexexa31x.gif)
l. 358 Writing latexexa.idv[33] (latexexa32x.gif)
[15]
l. 370 Writing latexexa.idv[34] (latexexa33x.gif)
[16]
l. 389 Writing latexexa.idv[35] (latexexa34x.gif)
l. 396 Writing latexexa.idv[36] (latexexa35x.gif)
l. 402 Writing latexexa.idv[37] (latexexa36x.gif)
[17]
l. 429 Writing latexexa.idv[38] (latexexa37x.gif)
l. 434 Writing latexexa.idv[39] (latexexa38x.gif)
[18]
l. 453 Writing latexexa.idv[40] (latexexa39x.gif)
l. 461 Writing latexexa.idv[41] (latexexa40x.gif)
l. 473 Writing latexexa.idv[42] (latexexa41x.gif)
[19]
l. 479 Writing latexexa.idv[43] (latexexa42x.gif)
l. 497 Writing latexexa.idv[44] (latexexa43x.gif)
[20]
l. 506 Writing latexexa.idv[45] (latexexa44x.gif)
l. 512 Writing latexexa.idv[46] (latexexa45x.gif)
[21] [22] (latexexa.aux) ) 
Here is how much of TeX's memory you used:
 3178 strings out of 10905
 31191 string characters out of 72703
 101183 words of memory out of 263001
 6117 multiletter control sequences out of 10000+0
 20729 words of font info for 41 fonts, out of 200000 for 1000
 14 hyphenation exceptions out of 1000
 28i,14n,24p,338b,560s stack positions out of 300i,100n,500p,30000b,4000s

Output written on latexexa.dvi (22 pages, 73912 bytes).
