This is pdfTeX, Version 3.14159-13c (Web2C 7.3) (format=pdflatex 1999.3.30)  31 MAR 1999 09:36
**latexexa.tex
 (latexexa.tex
LaTeX2e <1998/12/01>
Babel <v3.6k> and hyphenation patterns for english, french, german, ngerman, du
mylang, nohyphenation, loaded.
(/texlive/texmf/tex/latex/base/article.cls
Document Class: article 1999/01/07 v1.4a Standard LaTeX document class
(/texlive/texmf/tex/latex/base/size10.clo
File: size10.clo 1999/01/07 v1.4a Standard LaTeX file (size option)
)
\c@part=\count79
\c@section=\count80
\c@subsection=\count81
\c@subsubsection=\count82
\c@paragraph=\count83
\c@subparagraph=\count84
\c@figure=\count85
\c@table=\count86
\abovecaptionskip=\skip41
\belowcaptionskip=\skip42
\bibindent=\dimen102
)
(/texlive/texmf/tex/latex/graphics/graphicx.sty
Package: graphicx 1999/02/16 v1.0f Enhanced LaTeX Graphics (DPC,SPQR)

(/texlive/texmf/tex/latex/graphics/keyval.sty
Package: keyval 1999/03/16 v1.13 key=value parser (DPC)
\KV@toks@=\toks14
)
(/texlive/texmf/tex/latex/graphics/graphics.sty
Package: graphics 1999/02/16 v1.0l Standard LaTeX Graphics (DPC,SPQR)

(/texlive/texmf/tex/latex/graphics/trig.sty
Package: trig 1999/03/16 v1.09 sin cos tan (DPC)
)
(/texlive/texmf/tex/latex/texlive/graphics.cfg)
Package graphics Info: Driver file: pdftex.def on input line 80.

(/texlive/texmf/tex/latex/graphics/pdftex.def
File: pdftex.def 1999/01/26 v0.02l graphics/color for pdftex
\Gread@gobject=\count87
))
\Gin@req@height=\dimen103
\Gin@req@width=\dimen104
)
(/texlive/texmf/tex/latex/ltxmisc/url.sty
Package: url 1999/03/02  ver 1.4  Verb mode for urls, email addresses, and file
 names
) (/texlive/texmf/tex/latex/ae/ae.sty
Package: ae 1998/11/17 1.0 Almost European Computer Modern

(/texlive/texmf/tex/latex/base/fontenc.sty
Package: fontenc 1999/02/24 v1.9t Standard LaTeX package

(/texlive/texmf/tex/latex/base/t1enc.def
File: t1enc.def 1999/02/24 v1.9t Standard LaTeX file
LaTeX Font Info:    Redeclaring font encoding T1 on input line 25.
)
LaTeX Font Info:    Try loading font information for T1+aer on input line 78.
 (/texlive/texmf/tex/latex/ae/t1aer.fd
File: t1aer.fd 1997/11/16 Font definitions for T1/aer.
))) (/texlive/texmf/tex/latex/base/fontenc.sty
Package: fontenc 1999/02/24 v1.9t Standard LaTeX package

(/texlive/texmf/tex/latex/base/t1enc.def
File: t1enc.def 1999/02/24 v1.9t Standard LaTeX file
LaTeX Font Info:    Redeclaring font encoding T1 on input line 25.
)
(/texlive/texmf/tex/latex/base/t1enc.def
File: t1enc.def 1999/02/24 v1.9t Standard LaTeX file
LaTeX Font Info:    Redeclaring font encoding T1 on input line 25.
))
(/texlive/texmf/tex/latex/base/inputenc.sty beta test version
Package: inputenc 1998/03/05 v0.97 Input encoding file (test version: still lia
ble to change)

(/texlive/texmf/tex/latex/base/latin1.def
File: latin1.def 1998/03/05 v0.97 Input encoding file (test version: still liab
le to change)
))
(/texlive/texmf/tex/latex/fancyhdr/fancyhdr.sty
\headwidth=\dimen105
)
(/texlive/texmf/tex/latex/psnfss/pifont.sty
Package: pifont 1999/03/29 PSNFSS v.7.2 Pi font support : S Rahtz
LaTeX Font Info:    Try loading font information for U+pzd on input line 63.

(/texlive/texmf/tex/latex/psnfss/upzd.fd
File: upzd.fd 1998/11/05 font definitions for U/pzd.
)
LaTeX Font Info:    Try loading font information for U+psy on input line 64.

(/texlive/texmf/tex/latex/psnfss/upsy.fd
File: upsy.fd 1998/11/05 font definitions for U/psy.
))
(/texlive/texmf/tex/latex/hyperref/hyperref.sty
Package: hyperref 1999/03/30 6.53 Hypertext links for LaTeX

(/texlive/texmf/tex/latex/hyperref/nameref.sty
Package: nameref 1999/02/17 Cross-referencing by name of section
)
\@linkdim=\dimen106

(/texlive/texmf/tex/latex/hyperref/pd1enc.def
File: pd1enc.def 1999/03/19 v0.2 PDFDocEncoding (Heiko Oberdiek)
)
Package hyperref Info: option colorlinks set true on input line 703.
Package hyperref Info: Bookmarks ON on input line 720.
Package hyperref Info: Hyper figures OFF on input line 732.
Package hyperref Info: Link nesting OFF on input line 737.
Package hyperref Info: Hyper index ON on input line 740.
Package hyperref Info: Plain pages ON on input line 745.
Package hyperref Info: Backreferencing ON on input line 750.

Implicit mode ON; LaTeX internals redefined
(/texlive/texmf/tex/latex/hyperref/backref.sty
Package: backref 1999/03/26: bibliographical back referencing, 1.15
)
\Fld@menulength=\count88
\Field@Width=\dimen107
\Fld@charsize=\dimen108
\Choice@toks=\toks15
\Field@toks=\toks16
Package hyperref Info: Hyper figures OFF on input line 1229.
Package hyperref Info: Link nesting OFF on input line 1234.
Package hyperref Info: Hyper index ON on input line 1237.
Package hyperref Info: backreferencing ON on input line 1242.
Package hyperref Info: Link coloring ON on input line 1247.
\c@Item=\count89
\c@Hfootnote=\count90
\OddToc=\count91
LaTeX Info: Redefining \ref on input line 1889.
LaTeX Info: Redefining \pageref on input line 1890.
)
*hyperref using default driver pdftex*
(/texlive/texmf/tex/latex/hyperref/hpdftex.def
\Fld@listcount=\count92
\@outlinefile=\write3
) (latexexa.aux)
\openout1 = `latexexa.aux'.

LaTeX Font Info:    Checking defaults for OML/cmm/m/it on input line 31.
LaTeX Font Info:    ... okay on input line 31.
LaTeX Font Info:    Checking defaults for T1/cmr/m/n on input line 31.
LaTeX Font Info:    ... okay on input line 31.
LaTeX Font Info:    Checking defaults for OT1/cmr/m/n on input line 31.
LaTeX Font Info:    ... okay on input line 31.
LaTeX Font Info:    Checking defaults for OMS/cmsy/m/n on input line 31.
LaTeX Font Info:    ... okay on input line 31.
LaTeX Font Info:    Checking defaults for OMX/cmex/m/n on input line 31.
LaTeX Font Info:    ... okay on input line 31.
LaTeX Font Info:    Checking defaults for U/cmr/m/n on input line 31.
LaTeX Font Info:    ... okay on input line 31.
LaTeX Font Info:    Checking defaults for PD1/pdf/m/n on input line 31.
LaTeX Font Info:    ... okay on input line 31.

(/texlive/texmf/tex/context/base/supp-pdf.tex
(/texlive/texmf/tex/context/base/supp-mis.tex
loading : Context Support Macros / Missing
\protectiondepth=\count93
\scratchcounter=\count94
\scratchdimen=\dimen109
\scratchskip=\skip43
\scratchmuskip=\muskip10
\scratchbox=\box26
\scratchread=\read1
\scratchwrite=\write4
\nextbox=\box27
\nextdepth=\dimen110
\everyline=\toks17
\!!counta=\count95
\!!countb=\count96
\recursecounter=\count97
)
loading : Context Support Macros / PDF
\nofMPsegments=\count98
\nofMParguments=\count99
) (/texlive/texmf/tex/latex/graphics/color.sty
Package: color 1999/02/16 v1.0i Standard LaTeX Color (DPC)
LaTeX Info: Redefining \color on input line 71.

(/texlive/texmf/tex/latex/texlive/color.cfg)
Package color Info: Driver file: pdftex.def on input line 125.
)
Package hyperref Info: Link coloring ON on input line 31.
 (latexexa.out) (latexexa.out)
\openout3 = `latexexa.out'.

LaTeX Font Info:    External font `cmex10' loaded for size
(Font)              <12> on input line 32.
LaTeX Font Info:    External font `cmex10' loaded for size
(Font)              <8> on input line 32.
LaTeX Font Info:    External font `cmex10' loaded for size
(Font)              <6> on input line 32.
LaTeX Font Info:    External font `cmex10' loaded for size
(Font)              <7> on input line 44.
LaTeX Font Info:    External font `cmex10' loaded for size
(Font)              <5> on input line 44.

[1

</texlive/texmf/pdftex/config/psfonts.map></texlive/texmf/pdftex/config/lw35.ma
p></texlive/texmf/pdftex/config/rawfonts.map></texlive/texmf/dvips/cspsfonts/cs
fontd.mapfile>]
LaTeX Font Info:    Try loading font information for T1+aett on input line 109.

 (/texlive/texmf/tex/latex/ae/t1aett.fd
File: t1aett.fd 1997/11/16 Font definitions for T1/aett.
)
<phys332-1.pdf 569.12624pt, 569.12624pt, obj 56>
File: phys332-1.pdf Graphic file (type pdf)
 <use phys332-1.pdf> [2]
[3 <./phys332-1.pdf>] [4] <phys332-2.pdf 569.12624pt, 569.12624pt, obj 120>
File: phys332-2.pdf Graphic file (type pdf)

<use phys332-2.pdf> [5]
Overfull \vbox (1.125pt too high) has occurred while \output is active []

 [6 <./phys332-2.pdf>]
Overfull \vbox (1.125pt too high) has occurred while \output is active []

 [7]

Package hyperref Warning: Token not allowed in a PDFDocEncoded string,
(hyperref)                removing 'math shift' on input line 398.


Package hyperref Warning: Token not allowed in a PDFDocEncoded string,
(hyperref)                removing 'subscript' on input line 398.


Package hyperref Warning: Token not allowed in a PDFDocEncoded string,
(hyperref)                removing '\geq' on input line 398.


Package hyperref Warning: Token not allowed in a PDFDocEncoded string,
(hyperref)                removing 'math shift' on input line 398.


Overfull \vbox (1.125pt too high) has occurred while \output is active []

 [8]
Overfull \vbox (1.125pt too high) has occurred while \output is active []

 [9]
(latexexa.brf)
\tf@brf=\write5
\openout5 = `latexexa.brf'.

 [10] (latexexa.aux) ) 
Here is how much of TeX's memory you used:
 2509 strings out of 50642
 29963 string characters out of 443829
 84308 words of memory out of 1500001
 5396 multiletter control sequences out of 10000+15000
 27253 words of font info for 59 fonts, out of 200000 for 1000
 14 hyphenation exceptions out of 1000
 28i,13n,40p,341b,399s stack positions out of 1500i,500n,1500p,30000b,5000s
<cmr8.pfb><cmmi12.pfb><cmmi5.pfb><cmr5.pfb><cmti10.pfb><c
msy7.pfb><cmex10.pfb><cmtt10.pfb><cmsl10.pfb><cmsy10.pfb><cmmi7.pfb><cmr7.pfb><
cmmi10.pfb><cmr10.pfb><cmbx12.pfb><cmr12.pfb><cmr17.pfb>
Output written on latexexa.pdf (10 pages, 199666 bytes).
